>> Writing PID to /Users/marc/projects/refactormycode/tmp/pids/thin.3001.pid
>> Thin web server (v0.5.2 codename Cheezburger)
>> Listening on 0.0.0.0:3000, CTRL+C to stop
>> Exiting!
/usr/local/lib/ruby/gems/1.8/gems/eventmachine-0.10.0/lib/eventmachine.rb:500:in `start_tcp_server': no acceptor (RuntimeError)
	from /usr/local/lib/ruby/gems/1.8/gems/eventmachine-0.10.0/lib/eventmachine.rb:500:in `start_server'
	from /usr/local/lib/ruby/gems/1.8/gems/thin-0.5.2/lib/thin/server.rb:58:in `listen!'
	from /usr/local/lib/ruby/gems/1.8/gems/eventmachine-0.10.0/lib/eventmachine.rb:1086:in `call'
	from /usr/local/lib/ruby/gems/1.8/gems/eventmachine-0.10.0/lib/eventmachine.rb:1086:in `event_callback'
	from /usr/local/lib/ruby/gems/1.8/gems/eventmachine-0.10.0/lib/eventmachine.rb:224:in `run_machine'
	from /usr/local/lib/ruby/gems/1.8/gems/eventmachine-0.10.0/lib/eventmachine.rb:224:in `run'
	from /usr/local/lib/ruby/gems/1.8/gems/thin-0.5.2/lib/thin/server.rb:55:in `listen!'
	from /usr/local/lib/ruby/gems/1.8/gems/thin-0.5.2/lib/thin/server.rb:44:in `start!'
	from /usr/local/lib/ruby/gems/1.8/gems/thin-0.5.2/bin/thin:75:in `start'
	from /usr/local/lib/ruby/gems/1.8/gems/thin-0.5.2/bin/thin:108:in `send'
	from /usr/local/lib/ruby/gems/1.8/gems/thin-0.5.2/bin/thin:108
	from /usr/local/bin/thin:19:in `load'
	from /usr/local/bin/thin:19
>> Writing PID to /Users/marc/projects/refactormycode/tmp/pids/thin.3001.pid
>> Thin web server (v0.5.2 codename Cheezburger)
>> Listening on 0.0.0.0:3001, CTRL+C to stop
>> Exiting!
>> Writing PID to /Users/marc/projects/refactormycode/tmp/pids/thin.3001.pid
>> Thin web server (v0.5.2 codename Cheezburger)
>> Listening on 0.0.0.0:3001, CTRL+C to stop
>> Exiting!
>> Writing PID to /Users/marc/projects/refactormycode/tmp/pids/thin.3001.pid
>> Thin web server (v0.5.2 codename Cheezburger)
>> Listening on 0.0.0.0:3001, CTRL+C to stop
>> Exiting!
>> Writing PID to /Users/marc/projects/refactormycode/tmp/pids/thin.3001.pid
>> Thin web server (v0.5.5 codename Pony)
>> Listening on 0.0.0.0:3001, CTRL+C to stop
>> Exiting!
>> Writing PID to /Users/marc/projects/refactormycode/tmp/pids/thin.3001.pid
>> Thin web server (v0.5.5 codename Pony)
>> Listening on 0.0.0.0:3001, CTRL+C to stop
>> Exiting!
>> Writing PID to tmp/pids/thin.3001.pid
>> Thin web server (v0.7.0 codename Bionic Pickle)
>> Listening on 0.0.0.0:3001, CTRL+C to stop
>> Stopping ...
/Users/marc/projects/thin/lib/thin/logging.rb:31:in `write': Bad file descriptor - /Users/marc/projects/refactormycode/log/thin.3001.log (Errno::EBADF)
	from /Users/marc/projects/thin/lib/thin/logging.rb:31:in `puts'
	from /Users/marc/projects/thin/lib/thin/logging.rb:31:in `log'
	from /Users/marc/projects/thin/lib/thin/daemonizing.rb:52:in `daemonize'
	from /Users/marc/projects/thin/bin/thin:6
>> Writing PID to tmp/pids/thin.3001.pid
>> Thin web server (v0.7.0 codename Bionic Pickle)
>> Listening on 0.0.0.0:3001, CTRL+C to stop
>> Stopping ...
/Users/marc/projects/thin/lib/thin/logging.rb:31:in `write': Bad file descriptor - /Users/marc/projects/refactormycode/log/thin.3001.log (Errno::EBADF)
	from /Users/marc/projects/thin/lib/thin/logging.rb:31:in `puts'
	from /Users/marc/projects/thin/lib/thin/logging.rb:31:in `log'
	from /Users/marc/projects/thin/lib/thin/daemonizing.rb:52:in `daemonize'
	from /Users/marc/projects/thin/bin/thin:6
>> Writing PID to tmp/pids/thin.3001.pid
>> Thin web server (v0.7.0 codename Bionic Pickle)
>> Listening on 0.0.0.0:3001, CTRL+C to stop
>> Stopping ...
/Users/marc/projects/thin/lib/thin/logging.rb:31:in `write': Bad file descriptor - /Users/marc/projects/refactormycode/log/thin.3001.log (Errno::EBADF)
	from /Users/marc/projects/thin/lib/thin/logging.rb:31:in `puts'
	from /Users/marc/projects/thin/lib/thin/logging.rb:31:in `log'
	from /Users/marc/projects/thin/lib/thin/daemonizing.rb:52:in `daemonize'
	from /Users/marc/projects/thin/bin/thin:6
>> Writing PID to tmp/pids/thin.3001.pid
>> Thin web server (v0.7.0 codename Bionic Pickle)
>> Listening on 0.0.0.0:3001, CTRL+C to stop
>> Stopping ...
>> Exiting!
>> Writing PID to tmp/pids/thin.3001.pid
>> Using rails adapter
>> Thin web server (v0.8.1 codename Rebel Porpoise)
>> Threaded mode OFF
>> Maximum connections set to 1024
>> Listening on 0.0.0.0:3001, CTRL+C to stop
>> Exiting!
