>> Writing PID to tmp/pids/thin.pid
>> Thin web server (v0.5.2 codename Cheezburger)
>> Listening on 0.0.0.0:3000, CTRL+C to stop
>> Exiting!
>> Writing PID to tmp/pids/thin.pid
>> Thin web server (v0.5.3 codename Purple Yogurt)
>> Listening on 0.0.0.0:3000, CTRL+C to stop
>> Exiting!
/usr/local/lib/ruby/gems/1.8/gems/eventmachine-0.10.0/lib/eventmachine.rb:500:in `start_tcp_server': no acceptor (RuntimeError)
	from /usr/local/lib/ruby/gems/1.8/gems/eventmachine-0.10.0/lib/eventmachine.rb:500:in `start_server'
	from /usr/local/lib/ruby/gems/1.8/gems/thin-0.5.3/lib/thin/server.rb:58:in `listen!'
	from /usr/local/lib/ruby/gems/1.8/gems/eventmachine-0.10.0/lib/eventmachine.rb:1086:in `call'
	from /usr/local/lib/ruby/gems/1.8/gems/eventmachine-0.10.0/lib/eventmachine.rb:1086:in `event_callback'
	from /usr/local/lib/ruby/gems/1.8/gems/eventmachine-0.10.0/lib/eventmachine.rb:224:in `run_machine'
	from /usr/local/lib/ruby/gems/1.8/gems/eventmachine-0.10.0/lib/eventmachine.rb:224:in `run'
	from /usr/local/lib/ruby/gems/1.8/gems/thin-0.5.3/lib/thin/server.rb:55:in `listen!'
	from /usr/local/lib/ruby/gems/1.8/gems/thin-0.5.3/lib/thin/server.rb:44:in `start!'
	from /usr/local/lib/ruby/gems/1.8/gems/thin-0.5.3/bin/thin:85:in `start'
	from /usr/local/lib/ruby/gems/1.8/gems/thin-0.5.3/bin/thin:116:in `send'
	from /usr/local/lib/ruby/gems/1.8/gems/thin-0.5.3/bin/thin:116
	from /usr/local/bin/thin:19:in `load'
	from /usr/local/bin/thin:19
>> Writing PID to tmp/pids/thin.pid
>> Thin web server (v0.5.3 codename Purple Yogurt)
>> Listening on 0.0.0.0:3001, CTRL+C to stop
>> Exiting!
>> Writing PID to tmp/pids/thin.pid
/usr/local/lib/ruby/gems/1.8/gems/thin-0.5.3/lib/thin/daemonizing.rb:108:in `initialize': Permission denied - tmp/pids/thin.pid (Errno::EACCES)
	from /usr/local/lib/ruby/gems/1.8/gems/thin-0.5.3/lib/thin/daemonizing.rb:108:in `open'
	from /usr/local/lib/ruby/gems/1.8/gems/thin-0.5.3/lib/thin/daemonizing.rb:108:in `write_pid_file'
	from /usr/local/lib/ruby/gems/1.8/gems/thin-0.5.3/lib/thin/daemonizing.rb:43:in `daemonize'
	from /usr/local/lib/ruby/gems/1.8/gems/thin-0.5.3/bin/thin:77:in `start'
	from /usr/local/lib/ruby/gems/1.8/gems/thin-0.5.3/bin/thin:116:in `send'
	from /usr/local/lib/ruby/gems/1.8/gems/thin-0.5.3/bin/thin:116
	from /usr/local/bin/thin:19:in `load'
	from /usr/local/bin/thin:19
>> Writing PID to tmp/pids/thin.pid
/usr/local/lib/ruby/gems/1.8/gems/thin-0.5.3/lib/thin/daemonizing.rb:108:in `initialize': Permission denied - tmp/pids/thin.pid (Errno::EACCES)
	from /usr/local/lib/ruby/gems/1.8/gems/thin-0.5.3/lib/thin/daemonizing.rb:108:in `open'
	from /usr/local/lib/ruby/gems/1.8/gems/thin-0.5.3/lib/thin/daemonizing.rb:108:in `write_pid_file'
	from /usr/local/lib/ruby/gems/1.8/gems/thin-0.5.3/lib/thin/daemonizing.rb:43:in `daemonize'
	from /usr/local/lib/ruby/gems/1.8/gems/thin-0.5.3/bin/thin:77:in `start'
	from /usr/local/lib/ruby/gems/1.8/gems/thin-0.5.3/bin/thin:116:in `send'
	from /usr/local/lib/ruby/gems/1.8/gems/thin-0.5.3/bin/thin:116
	from /usr/local/bin/thin:19:in `load'
	from /usr/local/bin/thin:19
>> Writing PID to tmp/pids/thin.pid
>> Thin web server (v0.5.4 codename Flying Mustard)
>> Listening on 0.0.0.0:3000, CTRL+C to stop
>> Writing PID to tmp/pids/thin.pid
/Users/marc/projects/thin/lib/thin/daemonizing.rb:108:in `initialize': Permission denied - tmp/pids/thin.pid (Errno::EACCES)
	from /Users/marc/projects/thin/lib/thin/daemonizing.rb:108:in `open'
	from /Users/marc/projects/thin/lib/thin/daemonizing.rb:108:in `write_pid_file'
	from /Users/marc/projects/thin/lib/thin/daemonizing.rb:43:in `daemonize'
	from ../thin/bin/thin:77:in `start'
	from ../thin/bin/thin:116:in `send'
	from ../thin/bin/thin:116
>> Exiting!
>> Writing PID to tmp/pids/thin.pid
>> Changing process privilege to test:admin
>> Thin web server (v0.5.4 codename Flying Mustard)
>> Listening on 0.0.0.0:3000, CTRL+C to stop
>> Exiting!
/Users/marc/projects/thin/lib/thin/daemonizing.rb:102:in `delete': Permission denied - tmp/pids/thin.pid (Errno::EACCES)
	from /Users/marc/projects/thin/lib/thin/daemonizing.rb:102:in `remove_pid_file'
	from /Users/marc/projects/thin/lib/thin/daemonizing.rb:46:in `daemonize'
	from ../thin/bin/thin:116
>> Writing PID to tmp/pids/thin.pid
>> Thin web server (v0.6.3 codename Ninja Cookie)
>> Listening on 127.0.0.1:4360, CTRL+C to stop
>> Stopping ...
>> Exiting!
>> Writing PID to tmp/pids/thin.pid
>> Thin web server (v0.6.3 codename Ninja Cookie)
>> Listening on 0.0.0.0:3000, CTRL+C to stop
>> Stopping ...
>> Exiting!
>> Writing PID to tmp/pids/thin.pid
>> Thin web server (v0.6.3 codename Ninja Cookie)
>> Listening on 0.0.0.0:5000, CTRL+C to stop
>> Stopping ...
>> Exiting!
>> Writing PID to tmp/pids/thin.pid
>> Thin web server (v0.7.0 codename Bionic Pickle)
>> Listening on 0.0.0.0:3000, CTRL+C to stop
>> Stopping ...
>> Exiting!
>> Writing PID to tmp/pids/thin.pid
>> Setting maximum connections to 1024
>> Thin web server (v0.7.0 codename Spherical Cow)
>> Listening on 0.0.0.0:3000, CTRL+C to stop
>> Restarting ...
>> Stopping ...
>> Writing PID to tmp/pids/thin.pid
>> Setting maximum connections to 1024
>> Thin web server (v0.7.0 codename Spherical Cow)
>> Listening on 0.0.0.0:3000, CTRL+C to stop
>> Stopping ...
>> Exiting!
>> Writing PID to tmp/pids/thin.pid
>> Using rails adapter
>> Thin web server (v0.8.2 codename Double Margarita)
>> Threaded mode OFF
>> Maximum connections set to 1024
>> Listening on 0.0.0.0:3000, CTRL+C to stop
>> Exiting!
>> Writing PID to tmp/pids/thin.pid
>> Using rails adapter
>> Thin web server (v1.0.0 codename The Big)
>> Threaded mode OFF
>> Maximum connections set to 1024
>> Listening on 0.0.0.0:3000, CTRL+C to stop
>> Stopping ...
>> Exiting!
>> Writing PID to tmp/pids/thin.pid
>> Using rails adapter
>> Thin web server (v1.0.0 codename The Big)
>> Threaded mode OFF
>> Maximum connections set to 1024
>> Listening on 0.0.0.0:3000, CTRL+C to stop
>> Exiting!
>> Writing PID to tmp/pids/thin.pid
>> Using rails adapter
>> Thin web server (v1.0.0 codename The Big)
>> Threaded mode OFF
>> Maximum connections set to 1024
>> Listening on 0.0.0.0:3000, CTRL+C to stop
>> Exiting!
>> Writing PID to tmp/pids/thin.pid
>> Using rails adapter
>> Thin web server (v1.0.0 codename The Big)
>> Maximum connections set to 1024
>> Listening on 0.0.0.0:3000, CTRL+C to stop
>> Exiting!
>> Writing PID to tmp/pids/thin.pid
>> Using rails adapter
>> Thin web server (v1.0.0 codename The Big)
>> Maximum connections set to 1024
>> Listening on 0.0.0.0:3002, CTRL+C to stop
>> Restarting ...
>> Writing PID to tmp/pids/thin.pid
>> Using rails adapter
>> Thin web server (v1.0.0 codename The Big)
>> Maximum connections set to 1024
>> Listening on 0.0.0.0:3002, CTRL+C to stop
>> Waiting for 5 connection(s) to finish, can take up to 30 sec, CTRL+C to stop now
>> Exiting!
>> Writing PID to tmp/pids/thin.pid
>> Using rails adapter
>> Thin web server (v1.0.0 codename The Big)
>> Maximum connections set to 1024
>> Listening on 0.0.0.0:3000, CTRL+C to stop
>> Restarting ...
>> Writing PID to tmp/pids/thin.pid
>> Using rails adapter
>> Thin web server (v1.0.0 codename The Big)
>> Maximum connections set to 1024
>> Listening on 0.0.0.0:3000, CTRL+C to stop
>> Restarting ...
>> Writing PID to tmp/pids/thin.pid
>> Using rails adapter
>> Thin web server (v1.0.0 codename The Big)
>> Maximum connections set to 1024
>> Listening on 0.0.0.0:3000, CTRL+C to stop
>> Stopping ...
>> Exiting!
>> Writing PID to tmp/pids/thin.pid
>> Using rails adapter
>> Thin web server (v1.0.0 codename That's What She Said)
>> Maximum connections set to 1024
>> Listening on 0.0.0.0:3000, CTRL+C to stop
Warning: fetching over https without verifying server certificate
>> Exiting!
>> Writing PID to tmp/pids/thin.pid
>> Using rails adapter
>> Thin web server (v1.0.1 codename ?)
>> Maximum connections set to 1024
>> Listening on 0.0.0.0:3000, CTRL+C to stop
>> Stopping ...
>> Exiting!
>> Writing PID to tmp/pids/thin.pid
>> Using rails adapter
>> Thin web server (v1.2.4 codename Flaming Astroboy)
>> Maximum connections set to 1024
>> Listening on 0.0.0.0:3000, CTRL+C to stop
>> Stopping ...
>> Exiting!
>> Writing PID to tmp/pids/thin.pid
>> Using rails adapter
>> Thin web server (v1.2.5 codename This Is Not A Web Server)
>> Maximum connections set to 1024
>> Listening on 0.0.0.0:5000, CTRL+C to stop
>> Stopping ...
>> Exiting!
