>> Writing PID to /Users/marc/projects/refactormycode/tmp/pids/thin.3000.pid
>> Thin web server (v0.5.2 codename Cheezburger)
>> Listening on 0.0.0.0:3000, CTRL+C to stop
>> Writing PID to /Users/marc/projects/refactormycode/tmp/pids/thin.3000.pid
>> Thin web server (v0.5.2 codename Cheezburger)
>> Listening on 0.0.0.0:3000, CTRL+C to stop
>> Exiting!
>> Writing PID to /Users/marc/projects/refactormycode/tmp/pids/thin.3000.pid
>> Thin web server (v0.5.2 codename Cheezburger)
>> Listening on 0.0.0.0:3000, CTRL+C to stop
>> Exiting!
>> Writing PID to /Users/marc/projects/refactormycode/tmp/pids/thin.3000.pid
>> Thin web server (v0.5.2 codename Cheezburger)
>> Listening on 0.0.0.0:3000, CTRL+C to stop
>> Exiting!
>> Writing PID to tmp/pids/thin.3000.pid
>> Thin web server (v0.7.0 codename Bionic Pickle)
>> Listening on 0.0.0.0:3000, CTRL+C to stop
>> Stopping ...
/Users/marc/projects/thin/lib/thin/logging.rb:31:in `write': Bad file descriptor - /Users/marc/projects/refactormycode/log/thin.3000.log (Errno::EBADF)
	from /Users/marc/projects/thin/lib/thin/logging.rb:31:in `puts'
	from /Users/marc/projects/thin/lib/thin/logging.rb:31:in `log'
	from /Users/marc/projects/thin/lib/thin/daemonizing.rb:52:in `daemonize'
	from /Users/marc/projects/thin/bin/thin:6
>> Writing PID to tmp/pids/thin.3000.pid
>> Thin web server (v0.7.0 codename Bionic Pickle)
>> Listening on 0.0.0.0:3000, CTRL+C to stop
>> Stopping ...
/Users/marc/projects/thin/lib/thin/logging.rb:31:in `write': Bad file descriptor - /Users/marc/projects/refactormycode/log/thin.3000.log (Errno::EBADF)
	from /Users/marc/projects/thin/lib/thin/logging.rb:31:in `puts'
	from /Users/marc/projects/thin/lib/thin/logging.rb:31:in `log'
	from /Users/marc/projects/thin/lib/thin/daemonizing.rb:52:in `daemonize'
	from /Users/marc/projects/thin/bin/thin:6
>> Writing PID to tmp/pids/thin.3000.pid
>> Thin web server (v0.7.0 codename Bionic Pickle)
>> Listening on 0.0.0.0:3000, CTRL+C to stop
>> Stopping ...
/Users/marc/projects/thin/lib/thin/logging.rb:31:in `write': Bad file descriptor - /Users/marc/projects/refactormycode/log/thin.3000.log (Errno::EBADF)
	from /Users/marc/projects/thin/lib/thin/logging.rb:31:in `puts'
	from /Users/marc/projects/thin/lib/thin/logging.rb:31:in `log'
	from /Users/marc/projects/thin/lib/thin/daemonizing.rb:52:in `daemonize'
	from /Users/marc/projects/thin/bin/thin:6
>> Writing PID to tmp/pids/thin.3000.pid
>> Thin web server (v0.7.0 codename Bionic Pickle)
>> Listening on 0.0.0.0:3000, CTRL+C to stop
>> Stopping ...
>> Exiting!
>> Writing PID to tmp/pids/thin.3000.pid
>> Using rails adapter
>> Stopping ...
>> Thin web server (v0.8.1 codename Rebel Porpoise)
>> Threaded mode OFF
>> Maximum connections set to 1024
>> Listening on 0.0.0.0:3000, CTRL+C to stop
>> Exiting!
/usr/local/lib/ruby/gems/1.8/gems/eventmachine-0.11.0/lib/eventmachine.rb:500:in `start_tcp_server': no acceptor (RuntimeError)
	from /usr/local/lib/ruby/gems/1.8/gems/eventmachine-0.11.0/lib/eventmachine.rb:500:in `start_server'
	from /usr/local/lib/ruby/gems/1.8/gems/thin-0.8.1/lib/thin/backends/tcp_server.rb:16:in `connect'
	from /usr/local/lib/ruby/gems/1.8/gems/thin-0.8.1/lib/thin/backends/base.rb:46:in `start'
	from /usr/local/lib/ruby/gems/1.8/gems/eventmachine-0.11.0/lib/eventmachine.rb:224:in `call'
	from /usr/local/lib/ruby/gems/1.8/gems/eventmachine-0.11.0/lib/eventmachine.rb:224:in `run_machine'
	from /usr/local/lib/ruby/gems/1.8/gems/eventmachine-0.11.0/lib/eventmachine.rb:224:in `run'
	from /usr/local/lib/ruby/gems/1.8/gems/thin-0.8.1/lib/thin/backends/base.rb:45:in `start'
	from /usr/local/lib/ruby/gems/1.8/gems/thin-0.8.1/lib/thin/server.rb:146:in `start'
	from /usr/local/lib/ruby/gems/1.8/gems/thin-0.8.1/lib/thin/controllers/controller.rb:79:in `start'
	from /usr/local/lib/ruby/gems/1.8/gems/thin-0.8.1/lib/thin/runner.rb:166:in `send'
	from /usr/local/lib/ruby/gems/1.8/gems/thin-0.8.1/lib/thin/runner.rb:166:in `run_command'
	from /usr/local/lib/ruby/gems/1.8/gems/thin-0.8.1/lib/thin/runner.rb:136:in `run!'
	from /usr/local/lib/ruby/gems/1.8/gems/thin-0.8.1/bin/thin:6
	from /usr/local/bin/thin:19:in `load'
	from /usr/local/bin/thin:19
