

Started GET "/" for 127.0.0.1 at Mon Apr 04 22:53:23 +0800 2011

Errno::ENOENT (No such file or directory - /Users/andy/intridea.workspace/refactormycode/config/config/database.yml):
  

Rendered /Library/Ruby/Gems/1.8/gems/actionpack-3.0.0/lib/action_dispatch/middleware/templates/rescues/_trace.erb (1.7ms)
Rendered /Library/Ruby/Gems/1.8/gems/actionpack-3.0.0/lib/action_dispatch/middleware/templates/rescues/_request_and_response.erb (2.4ms)
Rendered /Library/Ruby/Gems/1.8/gems/actionpack-3.0.0/lib/action_dispatch/middleware/templates/rescues/diagnostics.erb within rescues/layout (15.9ms)


Started GET "/favicon.ico" for 127.0.0.1 at Mon Apr 04 22:53:24 +0800 2011

ArgumentError (A secret is required to generate an integrity hash for cookie session data. Use config.secret_token = "some secret phrase of at least 30 characters"in config/application.rb):
  

Rendered /Library/Ruby/Gems/1.8/gems/actionpack-3.0.0/lib/action_dispatch/middleware/templates/rescues/_trace.erb (0.9ms)
Rendered /Library/Ruby/Gems/1.8/gems/actionpack-3.0.0/lib/action_dispatch/middleware/templates/rescues/_request_and_response.erb (1.6ms)
Rendered /Library/Ruby/Gems/1.8/gems/actionpack-3.0.0/lib/action_dispatch/middleware/templates/rescues/diagnostics.erb within rescues/layout (6.3ms)


Started GET "/" for 127.0.0.1 at Mon Apr 04 23:04:14 +0800 2011

Errno::ENOENT (No such file or directory - /Users/andy/intridea.workspace/refactormycode/config/config/database.yml):
  

Rendered /Library/Ruby/Gems/1.8/gems/actionpack-3.0.0/lib/action_dispatch/middleware/templates/rescues/_trace.erb (1.0ms)
Rendered /Library/Ruby/Gems/1.8/gems/actionpack-3.0.0/lib/action_dispatch/middleware/templates/rescues/_request_and_response.erb (2.0ms)
Rendered /Library/Ruby/Gems/1.8/gems/actionpack-3.0.0/lib/action_dispatch/middleware/templates/rescues/diagnostics.erb within rescues/layout (7.7ms)


Started GET "/favicon.ico" for 127.0.0.1 at Mon Apr 04 23:04:14 +0800 2011

ArgumentError (A secret is required to generate an integrity hash for cookie session data. Use config.secret_token = "some secret phrase of at least 30 characters"in config/application.rb):
  

Rendered /Library/Ruby/Gems/1.8/gems/actionpack-3.0.0/lib/action_dispatch/middleware/templates/rescues/_trace.erb (1.1ms)
Rendered /Library/Ruby/Gems/1.8/gems/actionpack-3.0.0/lib/action_dispatch/middleware/templates/rescues/_request_and_response.erb (1.8ms)
Rendered /Library/Ruby/Gems/1.8/gems/actionpack-3.0.0/lib/action_dispatch/middleware/templates/rescues/diagnostics.erb within rescues/layout (7.6ms)


Started GET "/" for 127.0.0.1 at Mon Apr 04 23:07:31 +0800 2011

Errno::ENOENT (No such file or directory - /Users/andy/intridea.workspace/refactormycode/config/config/database.yml):
  

Rendered /Library/Ruby/Gems/1.8/gems/actionpack-3.0.0/lib/action_dispatch/middleware/templates/rescues/_trace.erb (1.0ms)
Rendered /Library/Ruby/Gems/1.8/gems/actionpack-3.0.0/lib/action_dispatch/middleware/templates/rescues/_request_and_response.erb (2.1ms)
Rendered /Library/Ruby/Gems/1.8/gems/actionpack-3.0.0/lib/action_dispatch/middleware/templates/rescues/diagnostics.erb within rescues/layout (7.5ms)


Started GET "/favicon.ico" for 127.0.0.1 at Mon Apr 04 23:07:31 +0800 2011

ArgumentError (A secret is required to generate an integrity hash for cookie session data. Use config.secret_token = "some secret phrase of at least 30 characters"in config/application.rb):
  

Rendered /Library/Ruby/Gems/1.8/gems/actionpack-3.0.0/lib/action_dispatch/middleware/templates/rescues/_trace.erb (1.7ms)
Rendered /Library/Ruby/Gems/1.8/gems/actionpack-3.0.0/lib/action_dispatch/middleware/templates/rescues/_request_and_response.erb (3.1ms)
Rendered /Library/Ruby/Gems/1.8/gems/actionpack-3.0.0/lib/action_dispatch/middleware/templates/rescues/diagnostics.erb within rescues/layout (11.1ms)


Started GET "/" for 127.0.0.1 at Tue Apr 05 23:59:37 +0800 2011

Errno::ENOENT (No such file or directory - /Users/andy/intridea.workspace/refactormycode/config/config/database.yml):
  

Rendered /Library/Ruby/Gems/1.8/gems/actionpack-3.0.0/lib/action_dispatch/middleware/templates/rescues/_trace.erb (1.5ms)
Rendered /Library/Ruby/Gems/1.8/gems/actionpack-3.0.0/lib/action_dispatch/middleware/templates/rescues/_request_and_response.erb (2.5ms)
Rendered /Library/Ruby/Gems/1.8/gems/actionpack-3.0.0/lib/action_dispatch/middleware/templates/rescues/diagnostics.erb within rescues/layout (9.2ms)


Started GET "/favicon.ico" for 127.0.0.1 at Tue Apr 05 23:59:39 +0800 2011

ArgumentError (A secret is required to generate an integrity hash for cookie session data. Use config.secret_token = "some secret phrase of at least 30 characters"in config/application.rb):
  

Rendered /Library/Ruby/Gems/1.8/gems/actionpack-3.0.0/lib/action_dispatch/middleware/templates/rescues/_trace.erb (0.8ms)
Rendered /Library/Ruby/Gems/1.8/gems/actionpack-3.0.0/lib/action_dispatch/middleware/templates/rescues/_request_and_response.erb (1.5ms)
Rendered /Library/Ruby/Gems/1.8/gems/actionpack-3.0.0/lib/action_dispatch/middleware/templates/rescues/diagnostics.erb within rescues/layout (6.0ms)
